0 info it worked if it ends with ok
1 verbose cli [ '/usr/bin/nodejs', '/usr/bin/npm', 'run', 'lint' ]
2 info using npm@4.0.5
3 info using node@v7.4.0
4 verbose run-script [ 'prelint', 'lint', 'postlint' ]
5 info lifecycle greeting-app@1.0.0~prelint: greeting-app@1.0.0
6 silly lifecycle greeting-app@1.0.0~prelint: no script for prelint, continuing
7 info lifecycle greeting-app@1.0.0~lint: greeting-app@1.0.0
8 verbose lifecycle greeting-app@1.0.0~lint: unsafe-perm in lifecycle true
9 verbose lifecycle greeting-app@1.0.0~lint: PATH: /usr/lib/node_modules/npm/bin/node-gyp-bin:/home/stephanie/Documents/CodeFellows/401d5/labs/greeting-app/node_modules/.bin:/home/stephanie/bin:/home/stephanie/.local/bin:/usr/local/sbin:/usr/local/bin:/usr/sbin:/usr/bin:/sbin:/bin:/usr/games:/usr/local/games:/snap/bin
10 verbose lifecycle greeting-app@1.0.0~lint: CWD: /home/stephanie/Documents/CodeFellows/401d5/labs/greeting-app
11 silly lifecycle greeting-app@1.0.0~lint: Args: [ '-c', 'eslint .' ]
12 silly lifecycle greeting-app@1.0.0~lint: Returned: code: 1  signal: null
13 info lifecycle greeting-app@1.0.0~lint: Failed to exec lint script
14 verbose stack Error: greeting-app@1.0.0 lint: `eslint .`
14 verbose stack Exit status 1
14 verbose stack     at EventEmitter.<anonymous> (/usr/lib/node_modules/npm/lib/utils/lifecycle.js:279:16)
14 verbose stack     at emitTwo (events.js:106:13)
14 verbose stack     at EventEmitter.emit (events.js:191:7)
14 verbose stack     at ChildProcess.<anonymous> (/usr/lib/node_modules/npm/lib/utils/spawn.js:40:14)
14 verbose stack     at emitTwo (events.js:106:13)
14 verbose stack     at ChildProcess.emit (events.js:191:7)
14 verbose stack     at maybeClose (internal/child_process.js:885:16)
14 verbose stack     at Process.ChildProcess._handle.onexit (internal/child_process.js:226:5)
15 verbose pkgid greeting-app@1.0.0
16 verbose cwd /home/stephanie/Documents/CodeFellows/401d5/labs/greeting-app
17 error Linux 4.4.0-57-generic
18 error argv "/usr/bin/nodejs" "/usr/bin/npm" "run" "lint"
19 error node v7.4.0
20 error npm  v4.0.5
21 error code ELIFECYCLE
22 error greeting-app@1.0.0 lint: `eslint .`
22 error Exit status 1
23 error Failed at the greeting-app@1.0.0 lint script 'eslint .'.
23 error Make sure you have the latest version of node.js and npm installed.
23 error If you do, this is most likely a problem with the greeting-app package,
23 error not with npm itself.
23 error Tell the author that this fails on your system:
23 error     eslint .
23 error You can get information on how to open an issue for this project with:
23 error     npm bugs greeting-app
23 error Or if that isn't available, you can get their info via:
23 error     npm owner ls greeting-app
23 error There is likely additional logging output above.
24 verbose exit [ 1, true ]
